[1017/113502:ERROR:renderer_main.cc(200)] Running without renderer sandbox
[1017/113504:INFO:CONSOLE(0)] "Creating Application Cache with manifest https://web.whatsapp.com/wa.appcache", source: https://web.whatsapp.com/ (0)
[1017/113504:INFO:CONSOLE(0)] "Application Cache Checking event", source: https://web.whatsapp.com/ (0)
[1017/113505:INFO:CONSOLE(0)] "Application Cache Downloading event", source: https://web.whatsapp.com/ (0)
[1017/113506:INFO:CONSOLE(0)] "Application Cache Progress event (0 of 31) https://web.whatsapp.com/favicon-48x48.ico", source: https://web.whatsapp.com/ (0)
[1017/113506:INFO:CONSOLE(0)] "Application Cache Progress event (1 of 31) https://web.whatsapp.com/browsers_80d226edcd04214a07403f1c16a0a2c2.css", source: https://web.whatsapp.com/ (0)
[1017/113506:INFO:CONSOLE(0)] "Application Cache Progress event (2 of 31) https://web.whatsapp.com/favicon-64x64.ico", source: https://web.whatsapp.com/ (0)
[1017/113506:INFO:CONSOLE(0)] "Application Cache Progress event (3 of 31) https://web.whatsapp.com/favicon.ico", source: https://web.whatsapp.com/ (0)
[1017/113506:INFO:CONSOLE(0)] "Application Cache Progress event (4 of 31) https://web.whatsapp.com/lib/canvas-to-blob-2.0.5.min.js", source: https://web.whatsapp.com/ (0)
[1017/113506:INFO:CONSOLE(0)] "Application Cache Progress event (5 of 31) https://web.whatsapp.com/app_5755eb558ae0a5853ba7.js", source: https://web.whatsapp.com/ (0)
[1017/113506:INFO:CONSOLE(0)] "Application Cache Progress event (6 of 31) https://web.whatsapp.com/style.useable_68342c8ed5568cf6796f.js", source: https://web.whatsapp.com/ (0)
[1017/113507:INFO:CONSOLE(0)] "Application Cache Progress event (7 of 31) https://web.whatsapp.com/sprite_97a17d10bfa2421b30ae.css", source: https://web.whatsapp.com/ (0)
[1017/113507:INFO:CONSOLE(0)] "Application Cache Progress event (8 of 31) https://web.whatsapp.com/sprite_97a17d10bfa2421b30ae.js", source: https://web.whatsapp.com/ (0)
[1017/113507:INFO:CONSOLE(0)] "Application Cache Progress event (9 of 31) https://web.whatsapp.com/style_8c7e6f375997bb49c221.css", source: https://web.whatsapp.com/ (0)
[1017/113507:INFO:CONSOLE(0)] "Application Cache Progress event (10 of 31) https://web.whatsapp.com/lib/end-to-end.compiled.min.js", source: https://web.whatsapp.com/ (0)
[1017/113508:INFO:CONSOLE(0)] "Application Cache Progress event (11 of 31) https://web.whatsapp.com/style_8c7e6f375997bb49c221.js", source: https://web.whatsapp.com/ (0)
[1017/113508:INFO:CONSOLE(0)] "Application Cache Progress event (12 of 31) https://web.whatsapp.com/style_rtl.useable_09424ce980407e087cbc.js", source: https://web.whatsapp.com/ (0)
[1017/113508:INFO:CONSOLE(0)] "Application Cache Progress event (13 of 31) https://web.whatsapp.com/style_rtl_e04ffb6a99dc735cfaae.css", source: https://web.whatsapp.com/ (0)
[1017/113508:INFO:CONSOLE(0)] "Application Cache Progress event (14 of 31) https://web.whatsapp.com/style_rtl_e04ffb6a99dc735cfaae.js", source: https://web.whatsapp.com/ (0)
[1017/113509:INFO:CONSOLE(0)] "Application Cache Progress event (15 of 31) https://web.whatsapp.com/vendor_c4d8c650b843e6f2c337.js", source: https://web.whatsapp.com/ (0)
[1017/113509:INFO:CONSOLE(0)] "Application Cache Progress event (16 of 31) https://web.whatsapp.com/res/notification.mp3", source: https://web.whatsapp.com/ (0)
[1017/113509:INFO:CONSOLE(0)] "Application Cache Progress event (17 of 31) https://web.whatsapp.com/img/favicon/1x/favicon.png", source: https://web.whatsapp.com/ (0)
[1017/113509:INFO:CONSOLE(0)] "Application Cache Progress event (18 of 31) https://web.whatsapp.com/lib/modernizr-2.8.3.min.js", source: https://web.whatsapp.com/ (0)
[1017/113510:INFO:CONSOLE(0)] "Application Cache Progress event (19 of 31) https://web.whatsapp.com/lib/moment-with-locales-2.8.4.min.js", source: https://web.whatsapp.com/ (0)
[1017/113510:INFO:CONSOLE(0)] "Application Cache Progress event (20 of 31) https://web.whatsapp.com/lib/bluebird-2.9.24.min.js", source: https://web.whatsapp.com/ (0)
